2024-03-22 20:59:16,981 [restartedMain] INFO  c.h.CourseApplication.CourseApplication            - Starting CourseApplication using Java 17.0.4.1 with PID 12188 (C:\Users\SOMA SUNDHAR\OneDrive\Desktop\CourseApplication\target\classes started by SOMA SUNDHAR in C:\Users\SOMA SUNDHAR\OneDrive\Desktop\CourseApplication)
2024-03-22 20:59:16,986 [restartedMain] INFO  c.h.CourseApplication.CourseApplication            - No active profile set, falling back to 1 default profile: "default"
2024-03-22 20:59:17,073 [restartedMain] INFO  o.s.b.d.e.DevToolsPropertyDefaultsPostProcessor    - Devtools property defaults active! Set 'spring.devtools.add-properties' to 'false' to disable
2024-03-22 20:59:17,073 [restartedMain] INFO  o.s.b.d.e.DevToolsPropertyDefaultsPostProcessor    - For additional web related logging consider setting the 'logging.level.web' property to 'DEBUG'
2024-03-22 20:59:18,273 [restartedMain] INFO  o.s.d.r.c.RepositoryConfigurationDelegate          - Bootstrapping Spring Data JPA repositories in DEFAULT mode.
2024-03-22 20:59:18,365 [restartedMain] INFO  o.s.d.r.c.RepositoryConfigurationDelegate          - Finished Spring Data repository scanning in 70 ms. Found 1 JPA repository interface.
2024-03-22 20:59:19,505 [restartedMain] INFO  o.s.b.w.embedded.tomcat.TomcatWebServer            - Tomcat initialized with port 9080 (http)
2024-03-22 20:59:19,523 [restartedMain] INFO  o.apache.coyote.http11.Http11NioProtocol           - Initializing ProtocolHandler ["http-nio-9080"]
2024-03-22 20:59:19,528 [restartedMain] INFO  o.apache.catalina.core.StandardService             - Starting service [Tomcat]
2024-03-22 20:59:19,528 [restartedMain] INFO  org.apache.catalina.core.StandardEngine            - Starting Servlet engine: [Apache Tomcat/10.1.19]
2024-03-22 20:59:19,639 [restartedMain] INFO  o.a.c.c.C.[Tomcat].[localhost].[/]                 - Initializing Spring embedded WebApplicationContext
2024-03-22 20:59:19,639 [restartedMain] INFO  o.s.b.w.s.c.ServletWebServerApplicationContext     - Root WebApplicationContext: initialization completed in 2565 ms
2024-03-22 20:59:19,927 [restartedMain] INFO  o.hibernate.jpa.internal.util.LogHelper            - HHH000204: Processing PersistenceUnitInfo [name: default]
2024-03-22 20:59:20,034 [restartedMain] INFO  org.hibernate.Version                              - HHH000412: Hibernate ORM core version 6.4.4.Final
2024-03-22 20:59:20,096 [restartedMain] INFO  o.h.c.internal.RegionFactoryInitiator              - HHH000026: Second-level cache disabled
2024-03-22 20:59:20,428 [restartedMain] INFO  o.s.o.j.p.SpringPersistenceUnitInfo                - No LoadTimeWeaver setup: ignoring JPA class transformer
2024-03-22 20:59:20,473 [restartedMain] INFO  com.zaxxer.hikari.HikariDataSource                 - HikariPool-1 - Starting...
2024-03-22 20:59:20,955 [restartedMain] INFO  com.zaxxer.hikari.pool.HikariPool                  - HikariPool-1 - Added connection com.mysql.cj.jdbc.ConnectionImpl@9ec8d9b
2024-03-22 20:59:20,958 [restartedMain] INFO  com.zaxxer.hikari.HikariDataSource                 - HikariPool-1 - Start completed.
2024-03-22 20:59:21,037 [restartedMain] WARN  org.hibernate.orm.deprecation                      - HHH90000025: MySQLDialect does not need to be specified explicitly using 'hibernate.dialect' (remove the property setting and it will be selected by default)
2024-03-22 20:59:22,346 [restartedMain] INFO  o.h.e.t.j.p.i.JtaPlatformInitiator                 - HHH000489: No JTA platform available (set 'hibernate.transaction.jta.platform' to enable JTA platform integration)
2024-03-22 20:59:22,402 [restartedMain] INFO  o.s.o.j.LocalContainerEntityManagerFactoryBean     - Initialized JPA EntityManagerFactory for persistence unit 'default'
2024-03-22 20:59:22,914 [restartedMain] WARN  o.s.b.a.o.j.JpaBaseConfiguration$JpaWebConfiguration - spring.jpa.open-in-view is enabled by default. Therefore, database queries may be performed during view rendering. Explicitly configure spring.jpa.open-in-view to disable this warning
2024-03-22 20:59:23,525 [restartedMain] INFO  o.s.b.d.a.OptionalLiveReloadServer                 - LiveReload server is running on port 35729
2024-03-22 20:59:23,550 [restartedMain] INFO  o.apache.coyote.http11.Http11NioProtocol           - Starting ProtocolHandler ["http-nio-9080"]
2024-03-22 20:59:23,593 [restartedMain] INFO  o.s.b.w.embedded.tomcat.TomcatWebServer            - Tomcat started on port 9080 (http) with context path ''
2024-03-22 20:59:23,608 [restartedMain] INFO  c.h.CourseApplication.CourseApplication            - Started CourseApplication in 7.128 seconds (process running for 8.29)
